<?xml version="1.0" encoding="UTF-8"?>
<testng-results total="3" passed="3" failed="0" skipped="0">
  <reporter-output>
  </reporter-output>
  <suite started-at="2024-09-16T10:10:17Z" name="Surefire suite" finished-at="2024-09-16T10:10:20Z" duration-ms="3357">
    <groups>
    </groups>
    <test started-at="2024-09-16T10:10:17Z" name="Surefire test" finished-at="2024-09-16T10:10:20Z" duration-ms="3357">
      <class name="com.example.apiTest">
        <test-method signature="testGetEndpoint()[pri:0, instance:com.example.apiTest@12c8a2c0]" started-at="2024-09-16T17:10:17Z" name="testGetEndpoint" finished-at="2024-09-16T17:10:20Z" duration-ms="3339" status="PASS">
          <reporter-output>
          </reporter-output>
        </test-method> <!-- testGetEndpoint -->
      </class> <!-- com.example.apiTest -->
      <class name="com.example.calculateTest">
        <test-method signature="testAdd()[pri:0, instance:com.example.calculateTest@4fb64261]" started-at="2024-09-16T17:10:20Z" name="testAdd" finished-at="2024-09-16T17:10:20Z" duration-ms="1" status="PASS">
          <reporter-output>
          </reporter-output>
        </test-method> <!-- testAdd -->
        <test-method signature="testSubtract()[pri:0, instance:com.example.calculateTest@4fb64261]" started-at="2024-09-16T17:10:20Z" name="testSubtract" finished-at="2024-09-16T17:10:20Z" duration-ms="0" status="PASS">
          <reporter-output>
          </reporter-output>
        </test-method> <!-- testSubtract -->
      </class> <!-- com.example.calculateTest -->
    </test> <!-- Surefire test -->
  </suite> <!-- Surefire suite -->
</testng-results>
