<?xml version="1.0" encoding="UTF-8"?>
<!-- Generated by org.testng.reporters.JUnitXMLReporter -->
<testsuite hostname="MacBook-Air-9.local" failures="0" tests="3" name="Surefire test" time="3.357" errors="0" timestamp="16 Sep 2024 10:10:20 GMT">
  <testcase classname="com.example.apiTest" name="testGetEndpoint" time="3.339"/>
  <testcase classname="com.example.calculateTest" name="testAdd" time="0.001"/>
  <testcase classname="com.example.calculateTest" name="testSubtract" time="0.0"/>
</testsuite> <!-- Surefire test -->
